<?xml version="1.0" encoding="UTF-8"?>
<testng-results ignored="0" total="1" passed="1" failed="0" skipped="0">
  <reporter-output>
  </reporter-output>
  <suite started-at="2024-08-14T14:30:46 IST" name="Default suite" finished-at="2024-08-14T14:30:46 IST" duration-ms="70">
    <groups>
    </groups>
    <test started-at="2024-08-14T14:30:46 IST" name="Default test" finished-at="2024-08-14T14:30:46 IST" duration-ms="70">
      <class name="github.swap">
        <test-method signature="swap1()[pri:0, instance:github.swap@4944252c]" started-at="2024-08-14T14:30:46 IST" name="swap1" finished-at="2024-08-14T14:30:46 IST" duration-ms="10" status="PASS">
          <reporter-output>
          </reporter-output>
        </test-method> <!-- swap1 -->
      </class> <!-- github.swap -->
    </test> <!-- Default test -->
  </suite> <!-- Default suite -->
</testng-results>
